<?xml version="1.0" encoding="UTF-8"?>
<!-- Generated by org.testng.reporters.JUnitReportReporter -->
<testsuite hostname="LAPTOP-3JRU7OQF" failures="0" tests="6" name="test.VerifyAttributeValueCreateNewAccount" time="21.720" errors="0" timestamp="2022-09-23T22:40:02 IST" skipped="0">
  <testcase classname="test.VerifyAttributeValueCreateNewAccount" name="verifyAttributeValueFirstName" time="3.253"/>
  <system-out/>
  <testcase classname="test.VerifyAttributeValueCreateNewAccount" name="verifyAttributeValueFirstName" time="3.836"/>
  <system-out/>
  <testcase classname="test.VerifyAttributeValueCreateNewAccount" name="verifyAttributeValueLastName" time="1.482"/>
  <system-out/>
  <testcase classname="test.VerifyAttributeValueCreateNewAccount" name="verifyAttributeValueLastName" time="3.035"/>
  <system-out/>
  <testcase classname="test.VerifyAttributeValueCreateNewAccount" name="verifyAttributeValueMobileEmailId" time="6.077"/>
  <system-out/>
  <testcase classname="test.VerifyAttributeValueCreateNewAccount" name="verifyAttributeValueMobileEmailId" time="4.037"/>
  <system-out/>
</testsuite> <!-- test.VerifyAttributeValueCreateNewAccount -->
