<?xml version="1.0" encoding="UTF-8"?>
<!-- Generated by org.testng.reporters.JUnitReportReporter -->
<testsuite hostname="LAPTOP-3JRU7OQF" failures="0" tests="4" name="test.verifySexOptions" time="16.392" errors="0" timestamp="2022-09-23T22:40:02 IST" skipped="0">
  <testcase classname="test.verifySexOptions" name="verifySexButtons" time="3.984"/>
  <system-out/>
  <testcase classname="test.verifySexOptions" name="verifyCustomButtons" time="3.670"/>
  <system-out/>
  <testcase classname="test.verifySexOptions" name="verifyCustomButtons" time="2.671"/>
  <system-out/>
  <testcase classname="test.verifySexOptions" name="verifySexButtons" time="6.067"/>
  <system-out/>
</testsuite> <!-- test.verifySexOptions -->
